<?xml version="1.0" encoding="UTF-8"?>
<beans:beans xmlns="http://www.springframework.org/schema/mvc"
	xmlns:security="http://www.springframework.org/schema/security"
	xmlns:xsi="http://www.w3.org/2001/XMLSchema-instance" xmlns:beans="http://www.springframework.org/schema/beans"
	xmlns:context="http://www.springframework.org/schema/context"
	xsi:schemaLocation="http://www.springframework.org/schema/mvc http://www.springframework.org/schema/mvc/spring-mvc.xsd
		http://www.springframework.org/schema/beans http://www.springframework.org/schema/beans/spring-beans.xsd
		http://www.springframework.org/schema/context http://www.springframework.org/schema/context/spring-context.xsd
		http://www.springframework.org/schema/security http://www.springframework.org/schema/security/spring-security-3.1.xsd">

	<!-- DispatcherServlet Context: defines this servlet's request-processing 
		infrastructure -->


	<context:component-scan base-package="com.ilearnrw.services.rest" />

	<!-- Enables the Spring MVC @Controller programming model -->
	<annotation-driven content-negotiation-manager="cnManager" />

	<security:global-method-security
		secured-annotations="enabled" />


	<!-- Handles HTTP GET requests for /resources/** by efficiently serving 
		up static resources in the ${webappRoot}/resources directory -->
	<resources mapping="/resources/**" location="/resources/" />

	<!-- Resolves views selected for rendering by @Controllers to .jsp resources 
		in the /WEB-INF/views directory -->
	<beans:bean
		class="org.springframework.web.servlet.view.InternalResourceViewResolver">
		<beans:property name="prefix" value="/WEB-INF/views/" />
		<beans:property name="suffix" value=".jsp" />
	</beans:bean>

	<beans:bean
		class="org.springframework.web.servlet.view.ContentNegotiatingViewResolver">
		<!-- All configuration is now done by the manager - since Spring V3.2 -->
		<beans:property name="contentNegotiationManager" ref="cnManager" />
	</beans:bean>
	<beans:bean id="cnManager"
		class="org.springframework.web.accept.ContentNegotiationManagerFactoryBean">
		<beans:property name="ignoreAcceptHeader" value="true" />
		<beans:property name="defaultContentType" value="application/json" />
	</beans:bean>

	<security:user-service id="usersService">
		<security:user name="student" password="student"
			authorities="ROLE_STUDENT" />
		<security:user name="student2" password="student2"
			authorities="ROLE_STUDENT" />
		<security:user name="test_user" password="test_password"
			authorities="ROLE_STUDENT" />
	</security:user-service>


	<beans:bean id="secureRandom"
		class="org.springframework.security.core.token.SecureRandomFactoryBean">
	</beans:bean>

	<beans:bean id="tokenService"
		class="org.springframework.security.core.token.KeyBasedPersistenceTokenService">
		<beans:property name="secureRandom" ref="secureRandom"></beans:property>
		<beans:property name="serverSecret" value="ILEARNRW_password0123456789"></beans:property>
		<beans:property name="serverInteger" value="454545"></beans:property>
	</beans:bean>


</beans:beans>
